Build started 2/12/2014 4:34:47 PM.
     1>Project "C:\Users\Science Monster\Documents\Visual Studio 2010\Projects\prototype rpg\prototype rpg\prototype rpg.vcxproj" on node 2 (build target(s)).
     1>InitializeBuildStatus:
         Creating "Debug\prototype rpg.unsuccessfulbuild" because "AlwaysCreate" was specified.
       ClCompile:
         C:\Program Files (x86)\Microsoft Visual Studio 10.0\VC\bin\CL.exe /c /I"C:\Users\Science Monster\Documents\SFML-2.1\include" /ZI /nologo /W3 /WX- /Od /Oy- /D WIN32 /D _DEBUG /D _CONSOLE /D _UNICODE /D UNICODE /Gm /EHsc /RTC1 /MDd /GS /fp:precise /Zc:wchar_t /Zc:forScope /Fo"Debug\\" /Fd"Debug\vc100.pdb" /Gd /TP /analyze- /errorReport:prompt "Event Handler.cpp"
         Event Handler.cpp
       ManifestResourceCompile:
         All outputs are up-to-date.
       Link:
         C:\Program Files (x86)\Microsoft Visual Studio 10.0\VC\bin\link.exe /ERRORREPORT:PROMPT /OUT:"C:\Users\Science Monster\Documents\Visual Studio 2010\Projects\prototype rpg\Debug\prototype rpg.exe" /INCREMENTAL /NOLOGO /LIBPATH:"C:\Users\Science Monster\Documents\SFML-2.1\lib" "sfml-window-d.lib" "sfml-graphics-d.lib" "sfml-system-d.lib" "sfml-main-d.lib" "sfml-audio-d.lib" kernel32.lib user32.lib gdi32.lib winspool.lib comdlg32.lib advapi32.lib shell32.lib ole32.lib oleaut32.lib uuid.lib odbc32.lib odbccp32.lib kernel32.lib user32.lib gdi32.lib winspool.lib comdlg32.lib advapi32.lib shell32.lib ole32.lib oleaut32.lib uuid.lib odbc32.lib odbccp32.lib /MANIFEST /ManifestFile:"Debug\prototype rpg.exe.intermediate.manifest" /MANIFESTUAC:"level='asInvoker' uiAccess='false'" /DEBUG /PDB:"C:\Users\Science Monster\Documents\Visual Studio 2010\Projects\prototype rpg\Debug\prototype rpg.pdb" /SUBSYSTEM:CONSOLE /TLBID:1 /DYNAMICBASE /NXCOMPAT /IMPLIB:"C:\Users\Science Monster\Documents\Visual Studio 2010\Projects\prototype rpg\Debug\prototype rpg.lib" /MACHINE:X86 "Debug\prototype rpg.exe.embed.manifest.res"
         "Debug\Event Handler.obj"
         "Debug\Object Manager.obj"
         "Debug\Render Manager.obj"
         "Debug\State Manager.obj"
         "Debug\Stat Manager.obj"
         "Debug\Text Manager.obj"
       Manifest:
         C:\Program Files (x86)\Microsoft SDKs\Windows\v7.0A\bin\mt.exe /nologo /verbose /out:"Debug\prototype rpg.exe.embed.manifest" /manifest "Debug\prototype rpg.exe.intermediate.manifest"
         All outputs are up-to-date.
       LinkEmbedManifest:
         All outputs are up-to-date.
         prototype rpg.vcxproj -> C:\Users\Science Monster\Documents\Visual Studio 2010\Projects\prototype rpg\Debug\prototype rpg.exe
       FinalizeBuildStatus:
         Deleting file "Debug\prototype rpg.unsuccessfulbuild".
         Touching "Debug\prototype rpg.lastbuildstate".
     1>Done Building Project "C:\Users\Science Monster\Documents\Visual Studio 2010\Projects\prototype rpg\prototype rpg\prototype rpg.vcxproj" (build target(s)).

Build succeeded.

Time Elapsed 00:00:01.40
